<?xml version="1.0" encoding="UTF-8"?>
<!-- Generated by org.testng.reporters.JUnitReportReporter -->
<testsuite hostname="Bujuku" failures="0" tests="2" name="com.simplilearn.tdd.CourseTest" time="0.016" errors="0" timestamp="2023-12-24T14:24:02 IST" skipped="0">
  <testcase classname="com.simplilearn.tdd.CourseTest" name="test3" time="0.003"/>
  <testcase classname="com.simplilearn.tdd.CourseTest" name="test2" time="0.013"/>
</testsuite> <!-- com.simplilearn.tdd.CourseTest -->
