<?xml version="1.0" encoding="UTF-8"?>
<!-- Generated by org.testng.reporters.JUnitReportReporter -->
<testsuite hostname="Bujuku" failures="0" tests="3" name="com.simplilearn.tdd.PracticeTest" time="0.007" errors="0" timestamp="2023-12-24T14:24:59 IST" skipped="0">
  <testcase classname="com.simplilearn.tdd.PracticeTest" name="test3" time="0.001"/>
  <testcase classname="com.simplilearn.tdd.PracticeTest" name="test1" time="0.005"/>
  <testcase classname="com.simplilearn.tdd.PracticeTest" name="test2" time="0.001"/>
</testsuite> <!-- com.simplilearn.tdd.PracticeTest -->
